<?xml version="1.0" encoding="UTF-8"?>
<!-- Generated by org.testng.reporters.JUnitReportReporter -->
<testsuite hostname="DESKTOP-D0V54AL" failures="0" tests="12" name="com.OrangeHRM_Application.LoginFunctionality$BaseTest" time="18.526" errors="0" timestamp="2022-10-31T03:05:15 PDT" skipped="0">
  <testcase classname="com.OrangeHRM_Application.LoginFunctionality$BaseTest" name="ValidationOfLogInPage" time="0.149"/>
  <system-out/>
  <testcase classname="com.OrangeHRM_Application.LoginFunctionality$BaseTest" name="ValidationOfLogInPage" time="0.200"/>
  <system-out/>
  <testcase classname="com.OrangeHRM_Application.LoginFunctionality$BaseTest" name="ValidationOfLogInPage" time="1.910"/>
  <system-out/>
  <testcase classname="com.OrangeHRM_Application.LoginFunctionality$BaseTest" name="Login" time="1.983"/>
  <system-out/>
  <testcase classname="com.OrangeHRM_Application.LoginFunctionality$BaseTest" name="Login" time="2.287"/>
  <system-out/>
  <testcase classname="com.OrangeHRM_Application.LoginFunctionality$BaseTest" name="Login" time="2.041"/>
  <system-out/>
  <testcase classname="com.OrangeHRM_Application.LoginFunctionality$BaseTest" name="ValidationOfAdminText" time="0.297"/>
  <system-out/>
  <testcase classname="com.OrangeHRM_Application.LoginFunctionality$BaseTest" name="ValidationOfAdminText" time="0.362"/>
  <system-out/>
  <testcase classname="com.OrangeHRM_Application.LoginFunctionality$BaseTest" name="ValidationOfAdminText" time="0.336"/>
  <system-out/>
  <testcase classname="com.OrangeHRM_Application.LoginFunctionality$BaseTest" name="goThrowPIMandAddEmployee" time="4.512"/>
  <system-out/>
  <testcase classname="com.OrangeHRM_Application.LoginFunctionality$BaseTest" name="goThrowPIMandAddEmployee" time="2.287"/>
  <system-out/>
  <testcase classname="com.OrangeHRM_Application.LoginFunctionality$BaseTest" name="goThrowPIMandAddEmployee" time="2.162"/>
  <system-out/>
</testsuite> <!-- com.OrangeHRM_Application.LoginFunctionality$BaseTest -->
