<?xml version="1.0" encoding="UTF-8"?>
<!-- Generated by org.testng.reporters.JUnitReportReporter -->
<testsuite hostname="DESKTOP-PKVSA89" failures="0" tests="1" name="com.ExcelOperations.OrangeHRMValidationOfLoginFunctionalityusingMultipleExcellData" time="0.000" errors="0" timestamp="2022-10-27T23:54:40 GMT-07:00" skipped="1">
  <testcase classname="com.ExcelOperations.OrangeHRMValidationOfLoginFunctionalityusingMultipleExcellData" name="ValidationOfLoginFunctionality" time="0.000">
    <skipped/>
  </testcase> <!-- ValidationOfLoginFunctionality -->
  <system-out/>
</testsuite> <!-- com.ExcelOperations.OrangeHRMValidationOfLoginFunctionalityusingMultipleExcellData -->
