<?xml version="1.0" encoding="UTF-8"?>
<!-- Generated by org.testng.reporters.JUnitReportReporter -->
<testsuite hostname="DESKTOP-PKVSA89" failures="0" tests="3" name="com.TestNG.Annotations2" time="0.012" errors="0" timestamp="2022-10-27T23:59:23 GMT-07:00" skipped="0">
  <testcase classname="com.TestNG.Annotations2" name="composemail" time="0.006"/>
  <system-out/>
  <testcase classname="com.TestNG.Annotations2" name="inbox" time="0.002"/>
  <system-out/>
  <testcase classname="com.TestNG.Annotations2" name="drafts" time="0.004"/>
  <system-out/>
</testsuite> <!-- com.TestNG.Annotations2 -->
