<?xml version="1.0" encoding="UTF-8"?>
<!-- Generated by org.testng.reporters.JUnitReportReporter -->
<testsuite hostname="DESKTOP-PKVSA89" failures="0" tests="4" name="com.TestNG.Annotations1" time="0.019" errors="0" timestamp="2022-10-27T23:59:23 GMT-07:00" skipped="1">
  <testcase classname="com.TestNG.Annotations1" name="applicationLaunch" time="0.011"/>
  <system-out/>
  <testcase classname="com.TestNG.Annotations1" name="inbox" time="0.003"/>
  <system-out/>
  <testcase classname="com.TestNG.Annotations1" name="composemail" time="0.005"/>
  <system-out/>
  <testcase classname="com.TestNG.Annotations1" name="Drafts">
    <skipped/>
  </testcase> <!-- Drafts -->
  <system-out/>
</testsuite> <!-- com.TestNG.Annotations1 -->
