<?xml version="1.0" encoding="UTF-8"?>
<!-- Generated by org.testng.reporters.JUnitReportReporter -->
<testsuite hostname="DESKTOP-PKVSA89" failures="0" tests="1" name="com.WebTable.CapturingRowsOffFirstCellData" time="11.149" errors="0" timestamp="2022-10-18T22:50:55 GMT-07:00" skipped="0">
  <testcase classname="com.WebTable.CapturingRowsOffFirstCellData" name="CapturingRowsOffFirstCellData" time="11.149"/>
  <system-out/>
</testsuite> <!-- com.WebTable.CapturingRowsOffFirstCellData -->
