<?xml version="1.0" encoding="UTF-8"?>
<!-- Generated by org.testng.reporters.JUnitReportReporter -->
<testsuite hostname="DESKTOP-PKVSA89" failures="0" tests="1" name="com.KeyboardOperatins.Tsrtc_keyboardOperation" time="0.000" errors="0" timestamp="2022-10-27T23:54:40 GMT-07:00" skipped="1">
  <testcase classname="com.KeyboardOperatins.Tsrtc_keyboardOperation" name="sendkeys" time="0.000">
    <skipped/>
  </testcase> <!-- sendkeys -->
  <system-out/>
</testsuite> <!-- com.KeyboardOperatins.Tsrtc_keyboardOperation -->
