<?xml version="1.0" encoding="UTF-8"?>
<!-- Generated by org.testng.reporters.JUnitReportReporter -->
<testsuite hostname="DESKTOP-D0V54AL" failures="0" tests="10" name="com.OrangeHRM_Application.AddEmployeeFunctionality" time="37.495" errors="0" timestamp="2022-11-01T06:46:46 PDT" skipped="0">
  <testcase classname="com.OrangeHRM_Application.AddEmployeeFunctionality" name="ValidationOfLogInPage" time="0.224"/>
  <system-out/>
  <testcase classname="com.OrangeHRM_Application.AddEmployeeFunctionality" name="Login" time="3.949"/>
  <system-out/>
  <testcase classname="com.OrangeHRM_Application.AddEmployeeFunctionality" name="ValidationOfAdminText" time="0.239"/>
  <system-out/>
  <testcase classname="com.OrangeHRM_Application.AddEmployeeFunctionality" name="goThrowPIMandAddEmployee" time="2.484"/>
  <system-out/>
  <testcase classname="com.OrangeHRM_Application.AddEmployeeFunctionality" name="AddEmployeeTextValidation" time="0.206"/>
  <system-out/>
  <testcase classname="com.OrangeHRM_Application.AddEmployeeFunctionality" name="AddEmployeeFuctionality" time="27.569"/>
  <system-out/>
  <testcase classname="com.OrangeHRM_Application.AddEmployeeFunctionality" name="ValidationOfEmployeeId" time="2.423"/>
  <system-out/>
  <testcase classname="com.OrangeHRM_Application.AddEmployeeFunctionality" name="ValidationOfFirstName" time="0.134"/>
  <system-out/>
  <testcase classname="com.OrangeHRM_Application.AddEmployeeFunctionality" name="ValidationOfMiddleName" time="0.144"/>
  <system-out/>
  <testcase classname="com.OrangeHRM_Application.AddEmployeeFunctionality" name="ValidationOfLastName" time="0.123"/>
  <system-out/>
</testsuite> <!-- com.OrangeHRM_Application.AddEmployeeFunctionality -->
