<?xml version="1.0" encoding="UTF-8"?>
<!-- Generated by org.testng.reporters.JUnitReportReporter -->
<testsuite hostname="DESKTOP-D0V54AL" failures="0" tests="13" name="com.OrangeHRM_Application.SaveEmployeeListInExcel" time="175.873" errors="0" timestamp="2022-11-03T16:38:00 PDT" skipped="0">
  <testcase classname="com.OrangeHRM_Application.SaveEmployeeListInExcel" name="ValidationOfLogInPage" time="4.094"/>
  <system-out/>
  <testcase classname="com.OrangeHRM_Application.SaveEmployeeListInExcel" name="Login" time="4.238"/>
  <system-out/>
  <testcase classname="com.OrangeHRM_Application.SaveEmployeeListInExcel" name="ValidationOfAdminText" time="0.921"/>
  <system-out/>
  <testcase classname="com.OrangeHRM_Application.SaveEmployeeListInExcel" name="goThrowPIMandAddEmployee" time="4.835"/>
  <system-out/>
  <testcase classname="com.OrangeHRM_Application.SaveEmployeeListInExcel" name="AddEmployeeTextValidation" time="0.351"/>
  <system-out/>
  <testcase classname="com.OrangeHRM_Application.SaveEmployeeListInExcel" name="AddEmployeeFuctionality" time="47.293"/>
  <system-out/>
  <testcase classname="com.OrangeHRM_Application.SaveEmployeeListInExcel" name="ValidationOfEmployeeId" time="5.389"/>
  <system-out/>
  <testcase classname="com.OrangeHRM_Application.SaveEmployeeListInExcel" name="ValidationOfFirstName" time="0.267"/>
  <system-out/>
  <testcase classname="com.OrangeHRM_Application.SaveEmployeeListInExcel" name="ValidationOfMiddleName" time="0.285"/>
  <system-out/>
  <testcase classname="com.OrangeHRM_Application.SaveEmployeeListInExcel" name="ValidationOfLastName" time="0.231"/>
  <system-out/>
  <testcase classname="com.OrangeHRM_Application.SaveEmployeeListInExcel" name="ClickOnEmployeeList" time="12.062"/>
  <system-out/>
  <testcase classname="com.OrangeHRM_Application.SaveEmployeeListInExcel" name="CapturingEmployeeListIntoExcel" time="95.905"/>
  <system-out/>
  <testcase classname="com.OrangeHRM_Application.SaveEmployeeListInExcel" name="Logout" time="0.002"/>
  <system-out/>
</testsuite> <!-- com.OrangeHRM_Application.SaveEmployeeListInExcel -->
